<?xml version="1.0" encoding="UTF-8"?>
<!-- Generated by org.testng.reporters.JUnitXMLReporter -->
<testsuite ignored="14" hostname="swati-Latitude-E5250" failures="0" tests="1" name="regression" time="11.311" errors="0" timestamp="2021-12-17T13:35:01 IST">
  <testcase classname="com.Aquiltrack.qa.Testcases.DashboardTest" name="clickontoggle" time="2.198"/>
  <testcase classname="com.Aquiltrack.qa.Testcases.DashboardTest" name="clickonlivealert" time="0.0">
    <ignored/>
  </testcase> <!-- clickonlivealert -->
  <testcase classname="com.Aquiltrack.qa.Testcases.DashboardTest" name="clickoncheckbox" time="0.0">
    <ignored/>
  </testcase> <!-- clickoncheckbox -->
  <testcase classname="com.Aquiltrack.qa.Testcases.DashboardTest" name="currenttrackinfotest" time="0.0">
    <ignored/>
  </testcase> <!-- currenttrackinfotest -->
  <testcase classname="com.Aquiltrack.qa.Testcases.DashboardTest" name="trackingsection" time="0.0">
    <ignored/>
  </testcase> <!-- trackingsection -->
  <testcase classname="com.Aquiltrack.qa.Testcases.DashboardTest" name="clickNodatavehicle" time="0.0">
    <ignored/>
  </testcase> <!-- clickNodatavehicle -->
  <testcase classname="com.Aquiltrack.qa.Testcases.DashboardTest" name="clickonHalt" time="0.0">
    <ignored/>
  </testcase> <!-- clickonHalt -->
  <testcase classname="com.Aquiltrack.qa.Testcases.DashboardTest" name="clickonslideshow" time="0.0">
    <ignored/>
  </testcase> <!-- clickonslideshow -->
  <testcase classname="com.Aquiltrack.qa.Testcases.DashboardTest" name="offlinevehicle" time="0.0">
    <ignored/>
  </testcase> <!-- offlinevehicle -->
  <testcase classname="com.Aquiltrack.qa.Testcases.DashboardTest" name="clicnogps" time="0.0">
    <ignored/>
  </testcase> <!-- clicnogps -->
  <testcase classname="com.Aquiltrack.qa.Testcases.DashboardTest" name="clickonIdle" time="0.0">
    <ignored/>
  </testcase> <!-- clickonIdle -->
  <testcase classname="com.Aquiltrack.qa.Testcases.DashboardTest" name="deadvehicle" time="0.0">
    <ignored/>
  </testcase> <!-- deadvehicle -->
  <testcase classname="com.Aquiltrack.qa.Testcases.DashboardTest" name="currensmrtest" time="0.0">
    <ignored/>
  </testcase> <!-- currensmrtest -->
  <testcase classname="com.Aquiltrack.qa.Testcases.DashboardTest" name="verifyusernamelble" time="0.0">
    <ignored/>
  </testcase> <!-- verifyusernamelble -->
  <testcase classname="com.Aquiltrack.qa.Testcases.DashboardTest" name="clickonRunning" time="0.0">
    <ignored/>
  </testcase> <!-- clickonRunning -->
</testsuite> <!-- regression -->
