<?xml version="1.0" encoding="UTF-8"?>
<!-- Generated by org.testng.reporters.JUnitXMLReporter -->
<testsuite ignored="4" hostname="swati-Latitude-E5250" failures="0" tests="83" name="Test" time="622.989" errors="0" timestamp="2022-02-04T09:46:23 IST">
  <testcase classname="com.Aquiltrack.qa.Testcases.LoginTest" name="loginmethod" time="3.651"/>
  <testcase classname="com.Aquiltrack.qa.Testcases.DashboardTest" name="trackingButtonIsEnabledTest" time="0.864"/>
  <testcase classname="com.Aquiltrack.qa.Testcases.DashboardTest" name="nonTrackingButtonIsEnabledTest" time="1.186"/>
  <testcase classname="com.Aquiltrack.qa.Testcases.DashboardTest" name="TrackingButtonIsEnabledTestClick" time="2.374"/>
  <testcase classname="com.Aquiltrack.qa.Testcases.DashboardTest" name="NOnTrackingButtonIsEnabledTestClick" time="2.549"/>
  <testcase classname="com.Aquiltrack.qa.Testcases.DashboardTest" name="links" time="11.5"/>
  <testcase classname="com.Aquiltrack.qa.Testcases.DashboardTest" name="currentTrackinfoPageTest" time="2.981"/>
  <testcase classname="com.Aquiltrack.qa.Testcases.DashboardTest" name="SearchedResuktAtCurrentTrackinfoPageTest" time="2.67"/>
  <testcase classname="com.Aquiltrack.qa.Testcases.DashboardTest" name="downloadiconAtCurrentTracknfoTest" time="2.245"/>
  <testcase classname="com.Aquiltrack.qa.Testcases.DashboardTest" name="viewColumnAtCurrentTracknfoTest" time="12.041"/>
  <testcase classname="com.Aquiltrack.qa.Testcases.DashboardTest" name="currentSummaryPageTest" time="1.443"/>
  <testcase classname="com.Aquiltrack.qa.Testcases.DashboardTest" name="SearchedResuktAtCurrentSummaryPageTest" time="3.466"/>
  <testcase classname="com.Aquiltrack.qa.Testcases.DashboardTest" name="viewColumnAtCurrentSummaryTest" time="11.615"/>
  <testcase classname="com.Aquiltrack.qa.Testcases.DashboardTest" name="downloadiconAtCurrentSummaryTest" time="2.524"/>
  <testcase classname="com.Aquiltrack.qa.Testcases.DashboardTest" name="clickonlivealert" time="5.59"/>
  <testcase classname="com.Aquiltrack.qa.Testcases.AOITest" name="createAOIUsingCircleAndCoordinatesTest" time="5.873"/>
  <testcase classname="com.Aquiltrack.qa.Testcases.AOITest" name="createAOIUsingPolygonAndPlacesTest" time="7.243"/>
  <testcase classname="com.Aquiltrack.qa.Testcases.AOITest" name="createAOIUsingPolygonAndCoordinatesTest" time="8.251"/>
  <testcase classname="com.Aquiltrack.qa.Testcases.AOITest" name="createAOIUsingCircleAndPlacesTest" time="5.353"/>
  <testcase classname="com.Aquiltrack.qa.Testcases.AOITest" name="AoibulkDownload" time="1.99"/>
  <testcase classname="com.Aquiltrack.qa.Testcases.AOITest" name="editAOITest" time="12.164"/>
  <testcase classname="com.Aquiltrack.qa.Testcases.AOITest" name="testdeleteAOI" time="7.664"/>
  <testcase classname="com.Aquiltrack.qa.Testcases.Routetestcases" name="createRouteUsingAOIsTest" time="31.43"/>
  <testcase classname="com.Aquiltrack.qa.Testcases.Routetestcases" name="editRouteDetailsTest" time="20.963"/>
  <testcase classname="com.Aquiltrack.qa.Testcases.Routetestcases" name="deleteRouteTest" time="7.757"/>
  <testcase classname="com.Aquiltrack.qa.Testcases.UserTest" name="CreateRole" time="6.141"/>
  <testcase classname="com.Aquiltrack.qa.Testcases.UserTest" name="selectedModule" time="5.635"/>
  <testcase classname="com.Aquiltrack.qa.Testcases.UserTest" name="createUser" time="7.434"/>
  <testcase classname="com.Aquiltrack.qa.Testcases.UserTest" name="edituserdeatails" time="9.628"/>
  <testcase classname="com.Aquiltrack.qa.Testcases.UserTest" name="resetpassword" time="5.532"/>
  <testcase classname="com.Aquiltrack.qa.Testcases.UserTest" name="Deleteuser_assignedvehi" time="4.286"/>
  <testcase classname="com.Aquiltrack.qa.Testcases.UserTest" name="checksublogin" time="5.425"/>
  <testcase classname="com.Aquiltrack.qa.Testcases.Driverstestcase" name="add" time="7.965"/>
  <testcase classname="com.Aquiltrack.qa.Testcases.Driverstestcase" name="driverbtn" time="1.119"/>
  <testcase classname="com.Aquiltrack.qa.Testcases.Driverstestcase" name="downloadbtn" time="1.346"/>
  <testcase classname="com.Aquiltrack.qa.Testcases.Driverstestcase" name="Edit_DriverDetails" time="14.366"/>
  <testcase classname="com.Aquiltrack.qa.Testcases.AlertsTest" name="vehicle_ALert_hour" time="12.545"/>
  <testcase classname="com.Aquiltrack.qa.Testcases.AlertsTest" name="vehicle_ALert_Day" time="12.431"/>
  <testcase classname="com.Aquiltrack.qa.Testcases.AlertsTest" name="vehicle_ALert_Week" time="12.013"/>
  <testcase classname="com.Aquiltrack.qa.Testcases.AlertsTest" name="vehicle_ALert_Month" time="13.041"/>
  <testcase classname="com.Aquiltrack.qa.Testcases.Alertconfigtestcases" name="Panic_Alert_Disable" time="10.95"/>
  <testcase classname="com.Aquiltrack.qa.Testcases.Alertconfigtestcases" name="OverSpeed_Alert_Disable" time="13.626"/>
  <testcase classname="com.Aquiltrack.qa.Testcases.Alertconfigtestcases" name="Towing_ALert_Disable" time="5.58"/>
  <testcase classname="com.Aquiltrack.qa.Testcases.Alertconfigtestcases" name="Towing_ALert_Enable_Edit" time="7.162"/>
  <testcase classname="com.Aquiltrack.qa.Testcases.Alertconfigtestcases" name="Towing_ALert_Enable_Delete" time="4.689"/>
  <testcase classname="com.Aquiltrack.qa.Testcases.Alertconfigtestcases" name="Fall_ALert_Disable" time="5.357"/>
  <testcase classname="com.Aquiltrack.qa.Testcases.Alertconfigtestcases" name="Fall_ALert_Enable_Edit" time="5.234"/>
  <testcase classname="com.Aquiltrack.qa.Testcases.Alertconfigtestcases" name="Fall_ALert_Enable_Delete" time="3.344"/>
  <testcase classname="com.Aquiltrack.qa.Testcases.Alertconfigtestcases" name="NoResponse_ALert_Disable" time="5.225"/>
  <testcase classname="com.Aquiltrack.qa.Testcases.Alertconfigtestcases" name="NoResponse_ALert_Enable_Edit" time="5.392"/>
  <testcase classname="com.Aquiltrack.qa.Testcases.Alertconfigtestcases" name="NoResponse_ALert_Enable_Delete" time="4.53"/>
  <testcase classname="com.Aquiltrack.qa.Testcases.Alertconfigtestcases" name="VehicleBtryLow_Disable" time="5.987"/>
  <testcase classname="com.Aquiltrack.qa.Testcases.Alertconfigtestcases" name="VehicleBtryLow_Enable_Edit" time="5.806"/>
  <testcase classname="com.Aquiltrack.qa.Testcases.Alertconfigtestcases" name="DeviceBtryLow_Disable" time="5.608"/>
  <testcase classname="com.Aquiltrack.qa.Testcases.Alertconfigtestcases" name="DeviceBtryLow_Enable_Edit" time="5.006"/>
  <testcase classname="com.Aquiltrack.qa.Testcases.Alertconfigtestcases" name="DeviceBtryLow_Enable_Delete" time="4.366"/>
  <testcase classname="com.Aquiltrack.qa.Testcases.Alertconfigtestcases" name="DevicePullout_Disable" time="5.267"/>
  <testcase classname="com.Aquiltrack.qa.Testcases.Alertconfigtestcases" name="DevicePullout_Enable_Edit" time="5.013"/>
  <testcase classname="com.Aquiltrack.qa.Testcases.Alertconfigtestcases" name="DevicePullout_Enable_Delete" time="4.648"/>
  <testcase classname="com.Aquiltrack.qa.Testcases.Alertconfigtestcases" name="AOI_Alert_Disable" time="6.198"/>
  <testcase classname="com.Aquiltrack.qa.Testcases.Alertconfigtestcases" name="AOI_Alert_Enable_Edit" time="6.362"/>
  <testcase classname="com.Aquiltrack.qa.Testcases.Alertconfigtestcases" name="AOI_Alert_Enable_Delete" time="4.784"/>
  <testcase classname="com.Aquiltrack.qa.Testcases.Alertconfigtestcases" name="Route_Alert_Disable" time="6.182"/>
  <testcase classname="com.Aquiltrack.qa.Testcases.Alertconfigtestcases" name="Route_Alert_Enable_Edit" time="8.442"/>
  <testcase classname="com.Aquiltrack.qa.Testcases.Alertconfigtestcases" name="Route_Alert_Enable_Delete" time="4.804"/>
  <testcase classname="com.Aquiltrack.qa.Testcases.Alertconfigtestcases" name="Halt_Alert_Disable" time="5.376"/>
  <testcase classname="com.Aquiltrack.qa.Testcases.Alertconfigtestcases" name="Halt_ALert_Enable_Edit" time="2.866"/>
  <testcase classname="com.Aquiltrack.qa.Testcases.Alertconfigtestcases" name="Halt_Enable_Deletebtn" time="4.477"/>
  <testcase classname="com.Aquiltrack.qa.Testcases.Alertconfigtestcases" name="Idle_ALert_Disable" time="5.067"/>
  <testcase classname="com.Aquiltrack.qa.Testcases.Alertconfigtestcases" name="Idle_Enable_edit" time="5.257"/>
  <testcase classname="com.Aquiltrack.qa.Testcases.Alertconfigtestcases" name="Idle_Enable_deletebtn" time="7.456"/>
  <testcase classname="com.Aquiltrack.qa.Testcases.Alertconfigtestcases" name="Schedule_Disable" time="4.093"/>
  <testcase classname="com.Aquiltrack.qa.Testcases.Alertconfigtestcases" name="Schedule_Enable_Edit" time="5.311"/>
  <testcase classname="com.Aquiltrack.qa.Testcases.Alertconfigtestcases" name="Scheduele_Enable_deletebtn" time="4.649"/>
  <testcase classname="com.Aquiltrack.qa.Testcases.Alertconfigtestcases" name="Refuel_Disable" time="5.662"/>
  <testcase classname="com.Aquiltrack.qa.Testcases.Alertconfigtestcases" name="Refuel_Enable_Edit" time="5.772"/>
  <testcase classname="com.Aquiltrack.qa.Testcases.Alertconfigtestcases" name="Refuel_Enable_Delete" time="4.14"/>
  <testcase classname="com.Aquiltrack.qa.Testcases.Alertconfigtestcases" name="Conditional_Disable" time="6.581"/>
  <testcase classname="com.Aquiltrack.qa.Testcases.Alertconfigtestcases" name="Conditional_Enable_Edit" time="5.346"/>
  <testcase classname="com.Aquiltrack.qa.Testcases.Alertconfigtestcases" name="Conditional_Enable_Delete" time="4.238"/>
  <testcase classname="com.Aquiltrack.qa.Testcases.Alertconfigtestcases" name="Pilferage_Disable" time="4.76"/>
  <testcase classname="com.Aquiltrack.qa.Testcases.Alertconfigtestcases" name="Pilferage_Enable_edit" time="5.247"/>
  <testcase classname="com.Aquiltrack.qa.Testcases.Alertconfigtestcases" name="Pilferage_Enable_delete" time="3.854"/>
  <testcase classname="com.Aquiltrack.qa.Testcases.DashboardTest" name="clickontoggle" time="0.0">
    <ignored/>
  </testcase> <!-- clickontoggle -->
  <testcase classname="com.Aquiltrack.qa.Testcases.Driverstestcase" name="bulkUpload_Driver" time="0.0">
    <ignored/>
  </testcase> <!-- bulkUpload_Driver -->
  <testcase classname="com.Aquiltrack.qa.Testcases.AOITest" name="test" time="0.0">
    <ignored/>
  </testcase> <!-- test -->
  <testcase classname="com.Aquiltrack.qa.Testcases.AOITest" name="AOiupload" time="0.0">
    <ignored/>
  </testcase> <!-- AOiupload -->
</testsuite> <!-- Test -->
