<?xml version="1.0" encoding="UTF-8"?>
<!-- Generated by org.testng.reporters.JUnitXMLReporter -->
<testsuite ignored="0" hostname="swati-Latitude-E5250" failures="2" tests="2" name="Test" time="4.113" errors="0" timestamp="2022-01-16T20:21:26 IST">
  <testcase classname="com.Aquiltrack.qa.Testcases.LoginTest" name="loginmethod" time="0.01">
    <failure type="java.lang.NullPointerException">
      <![CDATA[java.lang.NullPointerException
at com.Aquilatrack.reports.ExtentReportTest.createtest(ExtentReportTest.java:43)
at com.Aquilatrack.Listeners.Listenerclass.onTestStart(Listenerclass.java:34)
at java.base/java.util.ArrayList.forEach(ArrayList.java:1541)
... Removed 24 stack frames]]>
    </failure>
  </testcase> <!-- loginmethod -->
  <testcase classname="com.Aquiltrack.qa.Testcases.LoginTest" name="loginmethod" time="0.029">
    <failure type="java.lang.NullPointerException">
      <![CDATA[java.lang.NullPointerException
at com.Aquilatrack.reports.ExtentLogger.fail(ExtentLogger.java:11)
at com.Aquilatrack.Listeners.Listenerclass.onTestFailure(Listenerclass.java:45)
at java.base/java.util.ArrayList.forEach(ArrayList.java:1541)
... Removed 24 stack frames]]>
    </failure>
  </testcase> <!-- loginmethod -->
</testsuite> <!-- Test -->
