<?xml version="1.0" encoding="UTF-8"?>
<testng-results ignored="0" total="2" passed="2" failed="0" skipped="0">
  <reporter-output>
  </reporter-output>
  <suite started-at="2022-02-17T17:26:22 IST" name="Default suite" finished-at="2022-02-17T17:27:00 IST" duration-ms="37342">
    <groups>
    </groups>
    <test started-at="2022-02-17T17:26:22 IST" name="Default test" finished-at="2022-02-17T17:27:00 IST" duration-ms="37342">
      <class name="com.Aquiltrack.qa.Testcases.KM_Report_TCs">
        <test-method is-config="true" signature="setup()[pri:0, instance:com.Aquiltrack.qa.Testcases.KM_Report_TCs@3e11f9e9]" started-at="2022-02-17T17:26:22 IST" name="setup" finished-at="2022-02-17T17:26:46 IST" duration-ms="23248" status="PASS">
          <reporter-output>
          </reporter-output>
        </test-method> <!-- setup -->
        <test-method signature="km_Daily()[pri:1, instance:com.Aquiltrack.qa.Testcases.KM_Report_TCs@3e11f9e9]" started-at="2022-02-17T17:26:46 IST" name="km_Daily" finished-at="2022-02-17T17:26:52 IST" duration-ms="6643" status="PASS">
          <reporter-output>
          </reporter-output>
        </test-method> <!-- km_Daily -->
        <test-method is-config="true" signature="refreshthe_page()[pri:0, instance:com.Aquiltrack.qa.Testcases.KM_Report_TCs@3e11f9e9]" started-at="2022-02-17T17:26:52 IST" name="refreshthe_page" finished-at="2022-02-17T17:26:52 IST" duration-ms="144" status="PASS">
          <reporter-output>
          </reporter-output>
        </test-method> <!-- refreshthe_page -->
        <test-method signature="km_Month()[pri:2, instance:com.Aquiltrack.qa.Testcases.KM_Report_TCs@3e11f9e9]" started-at="2022-02-17T17:26:52 IST" name="km_Month" finished-at="2022-02-17T17:26:59 IST" duration-ms="6769" status="PASS">
          <reporter-output>
          </reporter-output>
        </test-method> <!-- km_Month -->
        <test-method is-config="true" signature="refreshthe_page()[pri:0, instance:com.Aquiltrack.qa.Testcases.KM_Report_TCs@3e11f9e9]" started-at="2022-02-17T17:26:59 IST" name="refreshthe_page" finished-at="2022-02-17T17:26:59 IST" duration-ms="151" status="PASS">
          <reporter-output>
          </reporter-output>
        </test-method> <!-- refreshthe_page -->
        <test-method is-config="true" signature="teardown()[pri:0, instance:com.Aquiltrack.qa.Testcases.KM_Report_TCs@3e11f9e9]" started-at="2022-02-17T17:26:59 IST" name="teardown" finished-at="2022-02-17T17:27:00 IST" duration-ms="332" status="PASS">
          <reporter-output>
          </reporter-output>
        </test-method> <!-- teardown -->
      </class> <!-- com.Aquiltrack.qa.Testcases.KM_Report_TCs -->
    </test> <!-- Default test -->
  </suite> <!-- Default suite -->
</testng-results>
